<?xml version="1.0" encoding="UTF-8"?>
<!-- Generated by org.testng.reporters.JUnitXMLReporter -->
<testsuite ignored="0" hostname="DESKTOP-0TU07RR" failures="0" tests="3" name="Default test" time="0.087" errors="0" timestamp="2023-03-20T17:10:45 IST">
  <testcase classname="testng.DependsOnMethod" name="login" time="0.017"/>
  <testcase classname="testng.DependsOnMethod" name="chat" time="0.003"/>
  <testcase classname="testng.DependsOnMethod" name="logout" time="0.003"/>
</testsuite> <!-- Default test -->
