<?xml version="1.0" encoding="UTF-8"?>
<testng-results ignored="0" total="3" passed="3" failed="0" skipped="0">
  <reporter-output>
    <line>
      <![CDATA[login]]>
    </line>
    <line>
      <![CDATA[chat]]>
    </line>
    <line>
      <![CDATA[logout]]>
    </line>
  </reporter-output>
  <suite started-at="2023-03-20T17:10:45 IST" name="Default suite" finished-at="2023-03-20T17:10:45 IST" duration-ms="87">
    <groups>
    </groups>
    <test started-at="2023-03-20T17:10:45 IST" name="Default test" finished-at="2023-03-20T17:10:45 IST" duration-ms="87">
      <class name="testng.DependsOnMethod">
        <test-method signature="login()[pri:0, instance:testng.DependsOnMethod@3246fb96]" started-at="2023-03-20T17:10:45 IST" name="login" finished-at="2023-03-20T17:10:45 IST" duration-ms="17" status="PASS">
          <reporter-output>
            <line>
              <![CDATA[login]]>
            </line>
          </reporter-output>
        </test-method> <!-- login -->
        <test-method signature="chat()[pri:0, instance:testng.DependsOnMethod@3246fb96]" started-at="2023-03-20T17:10:45 IST" name="chat" finished-at="2023-03-20T17:10:45 IST" depends-on-methods="testng.DependsOnMethod.login" duration-ms="3" status="PASS">
          <reporter-output>
            <line>
              <![CDATA[chat]]>
            </line>
          </reporter-output>
        </test-method> <!-- chat -->
        <test-method signature="logout()[pri:0, instance:testng.DependsOnMethod@3246fb96]" started-at="2023-03-20T17:10:45 IST" name="logout" finished-at="2023-03-20T17:10:45 IST" depends-on-methods="testng.DependsOnMethod.chat, testng.DependsOnMethod.login" duration-ms="3" status="PASS">
          <reporter-output>
            <line>
              <![CDATA[logout]]>
            </line>
          </reporter-output>
        </test-method> <!-- logout -->
      </class> <!-- testng.DependsOnMethod -->
    </test> <!-- Default test -->
  </suite> <!-- Default suite -->
</testng-results>
